<?xml version="1.0" encoding="UTF-8"?>
<!-- Generated by org.testng.reporters.JUnitReportReporter -->
<testsuite skipped="0" hostname="LAPTOP-QEOP498E" name="com.example.AppTest" tests="300" failures="0" timestamp="29 jun 2024 21:36:46 GMT" time="0.065" errors="0">
  <testcase name="testPasswordHasAtLeastTwoSpecialCharacters" time="0.000" classname="com.example.AppTest"/>
  <testcase name="testPasswordLengthIsTen" time="0.000" classname="com.example.AppTest"/>
  <testcase name="testPasswordHasAtLeastTwoSpecialCharacters" time="0.000" classname="com.example.AppTest"/>
  <testcase name="testPasswordHasAtLeastTwoSpecialCharacters" time="0.000" classname="com.example.AppTest"/>
  <testcase name="testPasswordHasAtLeastOneLetter" time="0.000" classname="com.example.AppTest"/>
  <testcase name="testPasswordLengthIsTen" time="0.000" classname="com.example.AppTest"/>
  <testcase name="testPasswordHasAtLeastOneLetter" time="0.000" classname="com.example.AppTest"/>
  <testcase name="testPasswordHasAtLeastOneLetter" time="0.001" classname="com.example.AppTest"/>
  <testcase name="testPasswordHasAtLeastOneLetter" time="0.000" classname="com.example.AppTest"/>
  <testcase name="testPasswordHasAtLeastTwoSpecialCharacters" time="0.001" classname="com.example.AppTest"/>
  <testcase name="testPasswordLengthIsTen" time="0.000" classname="com.example.AppTest"/>
  <testcase name="testPasswordHasAtLeastOneLetter" time="0.000" classname="com.example.AppTest"/>
  <testcase name="testPasswordHasAtLeastTwoSpecialCharacters" time="0.001" classname="com.example.AppTest"/>
  <testcase name="testPasswordHasAtLeastTwoSpecialCharacters" time="0.000" classname="com.example.AppTest"/>
  <testcase name="testPasswordLengthIsTen" time="0.000" classname="com.example.AppTest"/>
  <testcase name="testPasswordLengthIsTen" time="0.001" classname="com.example.AppTest"/>
  <testcase name="testPasswordLengthIsTen" time="0.000" classname="com.example.AppTest"/>
  <testcase name="testPasswordHasAtLeastOneLetter" time="0.000" classname="com.example.AppTest"/>
  <testcase name="testPasswordHasAtLeastOneLetter" time="0.000" classname="com.example.AppTest"/>
  <testcase name="testPasswordHasAtLeastTwoSpecialCharacters" time="0.000" classname="com.example.AppTest"/>
  <testcase name="testPasswordLengthIsTen" time="0.001" classname="com.example.AppTest"/>
  <testcase name="testPasswordHasAtLeastTwoSpecialCharacters" time="0.000" classname="com.example.AppTest"/>
  <testcase name="testPasswordHasAtLeastTwoSpecialCharacters" time="0.000" classname="com.example.AppTest"/>
  <testcase name="testPasswordLengthIsTen" time="0.000" classname="com.example.AppTest"/>
  <testcase name="testPasswordHasAtLeastOneLetter" time="0.000" classname="com.example.AppTest"/>
  <testcase name="testPasswordHasAtLeastTwoSpecialCharacters" time="0.000" classname="com.example.AppTest"/>
  <testcase name="testPasswordHasAtLeastTwoSpecialCharacters" time="0.000" classname="com.example.AppTest"/>
  <testcase name="testPasswordLengthIsTen" time="0.000" classname="com.example.AppTest"/>
  <testcase name="testPasswordLengthIsTen" time="0.000" classname="com.example.AppTest"/>
  <testcase name="testPasswordHasAtLeastTwoSpecialCharacters" time="0.001" classname="com.example.AppTest"/>
  <testcase name="testPasswordLengthIsTen" time="0.001" classname="com.example.AppTest"/>
  <testcase name="testPasswordHasAtLeastTwoSpecialCharacters" time="0.000" classname="com.example.AppTest"/>
  <testcase name="testPasswordLengthIsTen" time="0.000" classname="com.example.AppTest"/>
  <testcase name="testPasswordLengthIsTen" time="0.000" classname="com.example.AppTest"/>
  <testcase name="testPasswordHasAtLeastOneLetter" time="0.000" classname="com.example.AppTest"/>
  <testcase name="testPasswordHasAtLeastTwoSpecialCharacters" time="0.000" classname="com.example.AppTest"/>
  <testcase name="testPasswordHasAtLeastOneLetter" time="0.001" classname="com.example.AppTest"/>
  <testcase name="testPasswordHasAtLeastOneLetter" time="0.000" classname="com.example.AppTest"/>
  <testcase name="testPasswordHasAtLeastTwoSpecialCharacters" time="0.000" classname="com.example.AppTest"/>
  <testcase name="testPasswordHasAtLeastOneLetter" time="0.000" classname="com.example.AppTest"/>
  <testcase name="testPasswordHasAtLeastTwoSpecialCharacters" time="0.000" classname="com.example.AppTest"/>
  <testcase name="testPasswordHasAtLeastTwoSpecialCharacters" time="0.000" classname="com.example.AppTest"/>
  <testcase name="testPasswordLengthIsTen" time="0.000" classname="com.example.AppTest"/>
  <testcase name="testPasswordHasAtLeastTwoSpecialCharacters" time="0.000" classname="com.example.AppTest"/>
  <testcase name="testPasswordHasAtLeastTwoSpecialCharacters" time="0.000" classname="com.example.AppTest"/>
  <testcase name="testPasswordHasAtLeastOneLetter" time="0.000" classname="com.example.AppTest"/>
  <testcase name="testPasswordLengthIsTen" time="0.000" classname="com.example.AppTest"/>
  <testcase name="testPasswordHasAtLeastTwoSpecialCharacters" time="0.000" classname="com.example.AppTest"/>
  <testcase name="testPasswordLengthIsTen" time="0.000" classname="com.example.AppTest"/>
  <testcase name="testPasswordLengthIsTen" time="0.000" classname="com.example.AppTest"/>
  <testcase name="testPasswordHasAtLeastTwoSpecialCharacters" time="0.000" classname="com.example.AppTest"/>
  <testcase name="testPasswordLengthIsTen" time="0.000" classname="com.example.AppTest"/>
  <testcase name="testPasswordHasAtLeastOneLetter" time="0.000" classname="com.example.AppTest"/>
  <testcase name="testPasswordLengthIsTen" time="0.000" classname="com.example.AppTest"/>
  <testcase name="testPasswordHasAtLeastOneLetter" time="0.000" classname="com.example.AppTest"/>
  <testcase name="testPasswordHasAtLeastOneLetter" time="0.000" classname="com.example.AppTest"/>
  <testcase name="testPasswordHasAtLeastTwoSpecialCharacters" time="0.000" classname="com.example.AppTest"/>
  <testcase name="testPasswordHasAtLeastOneLetter" time="0.009" classname="com.example.AppTest"/>
  <testcase name="testPasswordLengthIsTen" time="0.000" classname="com.example.AppTest"/>
  <testcase name="testPasswordHasAtLeastTwoSpecialCharacters" time="0.000" classname="com.example.AppTest"/>
  <testcase name="testPasswordHasAtLeastOneLetter" time="0.000" classname="com.example.AppTest"/>
  <testcase name="testPasswordLengthIsTen" time="0.000" classname="com.example.AppTest"/>
  <testcase name="testPasswordLengthIsTen" time="0.000" classname="com.example.AppTest"/>
  <testcase name="testPasswordHasAtLeastTwoSpecialCharacters" time="0.000" classname="com.example.AppTest"/>
  <testcase name="testPasswordHasAtLeastOneLetter" time="0.001" classname="com.example.AppTest"/>
  <testcase name="testPasswordHasAtLeastOneLetter" time="0.000" classname="com.example.AppTest"/>
  <testcase name="testPasswordLengthIsTen" time="0.000" classname="com.example.AppTest"/>
  <testcase name="testPasswordHasAtLeastTwoSpecialCharacters" time="0.000" classname="com.example.AppTest"/>
  <testcase name="testPasswordHasAtLeastOneLetter" time="0.000" classname="com.example.AppTest"/>
  <testcase name="testPasswordHasAtLeastOneLetter" time="0.001" classname="com.example.AppTest"/>
  <testcase name="testPasswordHasAtLeastTwoSpecialCharacters" time="0.000" classname="com.example.AppTest"/>
  <testcase name="testPasswordHasAtLeastOneLetter" time="0.000" classname="com.example.AppTest"/>
  <testcase name="testPasswordHasAtLeastTwoSpecialCharacters" time="0.000" classname="com.example.AppTest"/>
  <testcase name="testPasswordHasAtLeastTwoSpecialCharacters" time="0.000" classname="com.example.AppTest"/>
  <testcase name="testPasswordHasAtLeastOneLetter" time="0.000" classname="com.example.AppTest"/>
  <testcase name="testPasswordLengthIsTen" time="0.001" classname="com.example.AppTest"/>
  <testcase name="testPasswordLengthIsTen" time="0.000" classname="com.example.AppTest"/>
  <testcase name="testPasswordHasAtLeastOneLetter" time="0.000" classname="com.example.AppTest"/>
  <testcase name="testPasswordHasAtLeastOneLetter" time="0.000" classname="com.example.AppTest"/>
  <testcase name="testPasswordHasAtLeastTwoSpecialCharacters" time="0.001" classname="com.example.AppTest"/>
  <testcase name="testPasswordLengthIsTen" time="0.000" classname="com.example.AppTest"/>
  <testcase name="testPasswordHasAtLeastOneLetter" time="0.000" classname="com.example.AppTest"/>
  <testcase name="testPasswordLengthIsTen" time="0.001" classname="com.example.AppTest"/>
  <testcase name="testPasswordHasAtLeastTwoSpecialCharacters" time="0.000" classname="com.example.AppTest"/>
  <testcase name="testPasswordLengthIsTen" time="0.000" classname="com.example.AppTest"/>
  <testcase name="testPasswordLengthIsTen" time="0.000" classname="com.example.AppTest"/>
  <testcase name="testPasswordHasAtLeastTwoSpecialCharacters" time="0.000" classname="com.example.AppTest"/>
  <testcase name="testPasswordHasAtLeastTwoSpecialCharacters" time="0.000" classname="com.example.AppTest"/>
  <testcase name="testPasswordHasAtLeastOneLetter" time="0.000" classname="com.example.AppTest"/>
  <testcase name="testPasswordHasAtLeastTwoSpecialCharacters" time="0.000" classname="com.example.AppTest"/>
  <testcase name="testPasswordHasAtLeastOneLetter" time="0.000" classname="com.example.AppTest"/>
  <testcase name="testPasswordHasAtLeastOneLetter" time="0.000" classname="com.example.AppTest"/>
  <testcase name="testPasswordHasAtLeastTwoSpecialCharacters" time="0.000" classname="com.example.AppTest"/>
  <testcase name="testPasswordHasAtLeastTwoSpecialCharacters" time="0.000" classname="com.example.AppTest"/>
  <testcase name="testPasswordHasAtLeastTwoSpecialCharacters" time="0.000" classname="com.example.AppTest"/>
  <testcase name="testPasswordLengthIsTen" time="0.000" classname="com.example.AppTest"/>
  <testcase name="testPasswordHasAtLeastTwoSpecialCharacters" time="0.000" classname="com.example.AppTest"/>
  <testcase name="testPasswordLengthIsTen" time="0.000" classname="com.example.AppTest"/>
  <testcase name="testPasswordHasAtLeastOneLetter" time="0.000" classname="com.example.AppTest"/>
  <testcase name="testPasswordLengthIsTen" time="0.000" classname="com.example.AppTest"/>
  <testcase name="testPasswordHasAtLeastOneLetter" time="0.001" classname="com.example.AppTest"/>
  <testcase name="testPasswordLengthIsTen" time="0.000" classname="com.example.AppTest"/>
  <testcase name="testPasswordHasAtLeastOneLetter" time="0.000" classname="com.example.AppTest"/>
  <testcase name="testPasswordLengthIsTen" time="0.000" classname="com.example.AppTest"/>
  <testcase name="testPasswordHasAtLeastOneLetter" time="0.000" classname="com.example.AppTest"/>
  <testcase name="testPasswordLengthIsTen" time="0.000" classname="com.example.AppTest"/>
  <testcase name="testPasswordHasAtLeastTwoSpecialCharacters" time="0.000" classname="com.example.AppTest"/>
  <testcase name="testPasswordHasAtLeastTwoSpecialCharacters" time="0.000" classname="com.example.AppTest"/>
  <testcase name="testPasswordLengthIsTen" time="0.000" classname="com.example.AppTest"/>
  <testcase name="testPasswordHasAtLeastOneLetter" time="0.001" classname="com.example.AppTest"/>
  <testcase name="testPasswordLengthIsTen" time="0.000" classname="com.example.AppTest"/>
  <testcase name="testPasswordLengthIsTen" time="0.000" classname="com.example.AppTest"/>
  <testcase name="testPasswordHasAtLeastOneLetter" time="0.000" classname="com.example.AppTest"/>
  <testcase name="testPasswordHasAtLeastOneLetter" time="0.000" classname="com.example.AppTest"/>
  <testcase name="testPasswordHasAtLeastTwoSpecialCharacters" time="0.000" classname="com.example.AppTest"/>
  <testcase name="testPasswordHasAtLeastTwoSpecialCharacters" time="0.000" classname="com.example.AppTest"/>
  <testcase name="testPasswordHasAtLeastOneLetter" time="0.000" classname="com.example.AppTest"/>
  <testcase name="testPasswordHasAtLeastTwoSpecialCharacters" time="0.000" classname="com.example.AppTest"/>
  <testcase name="testPasswordHasAtLeastTwoSpecialCharacters" time="0.000" classname="com.example.AppTest"/>
  <testcase name="testPasswordHasAtLeastTwoSpecialCharacters" time="0.000" classname="com.example.AppTest"/>
  <testcase name="testPasswordHasAtLeastTwoSpecialCharacters" time="0.001" classname="com.example.AppTest"/>
  <testcase name="testPasswordHasAtLeastTwoSpecialCharacters" time="0.000" classname="com.example.AppTest"/>
  <testcase name="testPasswordHasAtLeastTwoSpecialCharacters" time="0.000" classname="com.example.AppTest"/>
  <testcase name="testPasswordLengthIsTen" time="0.000" classname="com.example.AppTest"/>
  <testcase name="testPasswordHasAtLeastTwoSpecialCharacters" time="0.000" classname="com.example.AppTest"/>
  <testcase name="testPasswordHasAtLeastTwoSpecialCharacters" time="0.000" classname="com.example.AppTest"/>
  <testcase name="testPasswordHasAtLeastTwoSpecialCharacters" time="0.000" classname="com.example.AppTest"/>
  <testcase name="testPasswordHasAtLeastTwoSpecialCharacters" time="0.000" classname="com.example.AppTest"/>
  <testcase name="testPasswordLengthIsTen" time="0.000" classname="com.example.AppTest"/>
  <testcase name="testPasswordHasAtLeastOneLetter" time="0.000" classname="com.example.AppTest"/>
  <testcase name="testPasswordLengthIsTen" time="0.000" classname="com.example.AppTest"/>
  <testcase name="testPasswordHasAtLeastOneLetter" time="0.000" classname="com.example.AppTest"/>
  <testcase name="testPasswordLengthIsTen" time="0.000" classname="com.example.AppTest"/>
  <testcase name="testPasswordHasAtLeastTwoSpecialCharacters" time="0.000" classname="com.example.AppTest"/>
  <testcase name="testPasswordLengthIsTen" time="0.000" classname="com.example.AppTest"/>
  <testcase name="testPasswordHasAtLeastOneLetter" time="0.000" classname="com.example.AppTest"/>
  <testcase name="testPasswordHasAtLeastTwoSpecialCharacters" time="0.000" classname="com.example.AppTest"/>
  <testcase name="testPasswordHasAtLeastOneLetter" time="0.001" classname="com.example.AppTest"/>
  <testcase name="testPasswordHasAtLeastTwoSpecialCharacters" time="0.000" classname="com.example.AppTest"/>
  <testcase name="testPasswordHasAtLeastTwoSpecialCharacters" time="0.000" classname="com.example.AppTest"/>
  <testcase name="testPasswordHasAtLeastOneLetter" time="0.000" classname="com.example.AppTest"/>
  <testcase name="testPasswordHasAtLeastTwoSpecialCharacters" time="0.000" classname="com.example.AppTest"/>
  <testcase name="testPasswordHasAtLeastOneLetter" time="0.000" classname="com.example.AppTest"/>
  <testcase name="testPasswordHasAtLeastTwoSpecialCharacters" time="0.000" classname="com.example.AppTest"/>
  <testcase name="testPasswordLengthIsTen" time="0.001" classname="com.example.AppTest"/>
  <testcase name="testPasswordHasAtLeastOneLetter" time="0.000" classname="com.example.AppTest"/>
  <testcase name="testPasswordHasAtLeastTwoSpecialCharacters" time="0.000" classname="com.example.AppTest"/>
  <testcase name="testPasswordHasAtLeastTwoSpecialCharacters" time="0.000" classname="com.example.AppTest"/>
  <testcase name="testPasswordHasAtLeastTwoSpecialCharacters" time="0.000" classname="com.example.AppTest"/>
  <testcase name="testPasswordHasAtLeastTwoSpecialCharacters" time="0.000" classname="com.example.AppTest"/>
  <testcase name="testPasswordHasAtLeastOneLetter" time="0.000" classname="com.example.AppTest"/>
  <testcase name="testPasswordHasAtLeastOneLetter" time="0.000" classname="com.example.AppTest"/>
  <testcase name="testPasswordHasAtLeastOneLetter" time="0.000" classname="com.example.AppTest"/>
  <testcase name="testPasswordLengthIsTen" time="0.000" classname="com.example.AppTest"/>
  <testcase name="testPasswordHasAtLeastOneLetter" time="0.000" classname="com.example.AppTest"/>
  <testcase name="testPasswordHasAtLeastOneLetter" time="0.001" classname="com.example.AppTest"/>
  <testcase name="testPasswordLengthIsTen" time="0.000" classname="com.example.AppTest"/>
  <testcase name="testPasswordLengthIsTen" time="0.001" classname="com.example.AppTest"/>
  <testcase name="testPasswordLengthIsTen" time="0.000" classname="com.example.AppTest"/>
  <testcase name="testPasswordHasAtLeastTwoSpecialCharacters" time="0.000" classname="com.example.AppTest"/>
  <testcase name="testPasswordHasAtLeastTwoSpecialCharacters" time="0.000" classname="com.example.AppTest"/>
  <testcase name="testPasswordLengthIsTen" time="0.000" classname="com.example.AppTest"/>
  <testcase name="testPasswordLengthIsTen" time="0.000" classname="com.example.AppTest"/>
  <testcase name="testPasswordLengthIsTen" time="0.000" classname="com.example.AppTest"/>
  <testcase name="testPasswordHasAtLeastOneLetter" time="0.000" classname="com.example.AppTest"/>
  <testcase name="testPasswordHasAtLeastTwoSpecialCharacters" time="0.000" classname="com.example.AppTest"/>
  <testcase name="testPasswordLengthIsTen" time="0.000" classname="com.example.AppTest"/>
  <testcase name="testPasswordHasAtLeastOneLetter" time="0.001" classname="com.example.AppTest"/>
  <testcase name="testPasswordHasAtLeastOneLetter" time="0.000" classname="com.example.AppTest"/>
  <testcase name="testPasswordHasAtLeastTwoSpecialCharacters" time="0.001" classname="com.example.AppTest"/>
  <testcase name="testPasswordHasAtLeastTwoSpecialCharacters" time="0.000" classname="com.example.AppTest"/>
  <testcase name="testPasswordLengthIsTen" time="0.000" classname="com.example.AppTest"/>
  <testcase name="testPasswordLengthIsTen" time="0.000" classname="com.example.AppTest"/>
  <testcase name="testPasswordHasAtLeastTwoSpecialCharacters" time="0.000" classname="com.example.AppTest"/>
  <testcase name="testPasswordLengthIsTen" time="0.000" classname="com.example.AppTest"/>
  <testcase name="testPasswordHasAtLeastOneLetter" time="0.000" classname="com.example.AppTest"/>
  <testcase name="testPasswordHasAtLeastOneLetter" time="0.000" classname="com.example.AppTest"/>
  <testcase name="testPasswordHasAtLeastTwoSpecialCharacters" time="0.001" classname="com.example.AppTest"/>
  <testcase name="testPasswordLengthIsTen" time="0.001" classname="com.example.AppTest"/>
  <testcase name="testPasswordHasAtLeastOneLetter" time="0.000" classname="com.example.AppTest"/>
  <testcase name="testPasswordHasAtLeastOneLetter" time="0.000" classname="com.example.AppTest"/>
  <testcase name="testPasswordHasAtLeastOneLetter" time="0.000" classname="com.example.AppTest"/>
  <testcase name="testPasswordLengthIsTen" time="0.000" classname="com.example.AppTest"/>
  <testcase name="testPasswordLengthIsTen" time="0.000" classname="com.example.AppTest"/>
  <testcase name="testPasswordHasAtLeastOneLetter" time="0.000" classname="com.example.AppTest"/>
  <testcase name="testPasswordHasAtLeastTwoSpecialCharacters" time="0.000" classname="com.example.AppTest"/>
  <testcase name="testPasswordHasAtLeastOneLetter" time="0.000" classname="com.example.AppTest"/>
  <testcase name="testPasswordLengthIsTen" time="0.001" classname="com.example.AppTest"/>
  <testcase name="testPasswordHasAtLeastTwoSpecialCharacters" time="0.000" classname="com.example.AppTest"/>
  <testcase name="testPasswordHasAtLeastOneLetter" time="0.001" classname="com.example.AppTest"/>
  <testcase name="testPasswordHasAtLeastOneLetter" time="0.001" classname="com.example.AppTest"/>
  <testcase name="testPasswordHasAtLeastTwoSpecialCharacters" time="0.000" classname="com.example.AppTest"/>
  <testcase name="testPasswordHasAtLeastTwoSpecialCharacters" time="0.001" classname="com.example.AppTest"/>
  <testcase name="testPasswordHasAtLeastOneLetter" time="0.000" classname="com.example.AppTest"/>
  <testcase name="testPasswordHasAtLeastOneLetter" time="0.000" classname="com.example.AppTest"/>
  <testcase name="testPasswordHasAtLeastOneLetter" time="0.000" classname="com.example.AppTest"/>
  <testcase name="testPasswordLengthIsTen" time="0.000" classname="com.example.AppTest"/>
  <testcase name="testPasswordHasAtLeastOneLetter" time="0.000" classname="com.example.AppTest"/>
  <testcase name="testPasswordLengthIsTen" time="0.000" classname="com.example.AppTest"/>
  <testcase name="testPasswordLengthIsTen" time="0.000" classname="com.example.AppTest"/>
  <testcase name="testPasswordLengthIsTen" time="0.000" classname="com.example.AppTest"/>
  <testcase name="testPasswordLengthIsTen" time="0.000" classname="com.example.AppTest"/>
  <testcase name="testPasswordLengthIsTen" time="0.000" classname="com.example.AppTest"/>
  <testcase name="testPasswordHasAtLeastTwoSpecialCharacters" time="0.000" classname="com.example.AppTest"/>
  <testcase name="testPasswordHasAtLeastOneLetter" time="0.000" classname="com.example.AppTest"/>
  <testcase name="testPasswordHasAtLeastOneLetter" time="0.000" classname="com.example.AppTest"/>
  <testcase name="testPasswordLengthIsTen" time="0.000" classname="com.example.AppTest"/>
  <testcase name="testPasswordLengthIsTen" time="0.001" classname="com.example.AppTest"/>
  <testcase name="testPasswordHasAtLeastTwoSpecialCharacters" time="0.000" classname="com.example.AppTest"/>
  <testcase name="testPasswordHasAtLeastOneLetter" time="0.000" classname="com.example.AppTest"/>
  <testcase name="testPasswordLengthIsTen" time="0.000" classname="com.example.AppTest"/>
  <testcase name="testPasswordHasAtLeastTwoSpecialCharacters" time="0.000" classname="com.example.AppTest"/>
  <testcase name="testPasswordHasAtLeastOneLetter" time="0.001" classname="com.example.AppTest"/>
  <testcase name="testPasswordLengthIsTen" time="0.000" classname="com.example.AppTest"/>
  <testcase name="testPasswordHasAtLeastOneLetter" time="0.000" classname="com.example.AppTest"/>
  <testcase name="testPasswordHasAtLeastTwoSpecialCharacters" time="0.000" classname="com.example.AppTest"/>
  <testcase name="testPasswordLengthIsTen" time="0.000" classname="com.example.AppTest"/>
  <testcase name="testPasswordHasAtLeastOneLetter" time="0.000" classname="com.example.AppTest"/>
  <testcase name="testPasswordLengthIsTen" time="0.000" classname="com.example.AppTest"/>
  <testcase name="testPasswordLengthIsTen" time="0.000" classname="com.example.AppTest"/>
  <testcase name="testPasswordHasAtLeastTwoSpecialCharacters" time="0.000" classname="com.example.AppTest"/>
  <testcase name="testPasswordHasAtLeastTwoSpecialCharacters" time="0.000" classname="com.example.AppTest"/>
  <testcase name="testPasswordLengthIsTen" time="0.001" classname="com.example.AppTest"/>
  <testcase name="testPasswordLengthIsTen" time="0.000" classname="com.example.AppTest"/>
  <testcase name="testPasswordLengthIsTen" time="0.000" classname="com.example.AppTest"/>
  <testcase name="testPasswordHasAtLeastTwoSpecialCharacters" time="0.001" classname="com.example.AppTest"/>
  <testcase name="testPasswordLengthIsTen" time="0.000" classname="com.example.AppTest"/>
  <testcase name="testPasswordHasAtLeastOneLetter" time="0.000" classname="com.example.AppTest"/>
  <testcase name="testPasswordHasAtLeastTwoSpecialCharacters" time="0.000" classname="com.example.AppTest"/>
  <testcase name="testPasswordHasAtLeastOneLetter" time="0.000" classname="com.example.AppTest"/>
  <testcase name="testPasswordLengthIsTen" time="0.000" classname="com.example.AppTest"/>
  <testcase name="testPasswordLengthIsTen" time="0.000" classname="com.example.AppTest"/>
  <testcase name="testPasswordHasAtLeastTwoSpecialCharacters" time="0.000" classname="com.example.AppTest"/>
  <testcase name="testPasswordHasAtLeastOneLetter" time="0.000" classname="com.example.AppTest"/>
  <testcase name="testPasswordHasAtLeastOneLetter" time="0.001" classname="com.example.AppTest"/>
  <testcase name="testPasswordHasAtLeastTwoSpecialCharacters" time="0.000" classname="com.example.AppTest"/>
  <testcase name="testPasswordHasAtLeastOneLetter" time="0.000" classname="com.example.AppTest"/>
  <testcase name="testPasswordHasAtLeastOneLetter" time="0.001" classname="com.example.AppTest"/>
  <testcase name="testPasswordHasAtLeastOneLetter" time="0.000" classname="com.example.AppTest"/>
  <testcase name="testPasswordHasAtLeastOneLetter" time="0.001" classname="com.example.AppTest"/>
  <testcase name="testPasswordLengthIsTen" time="0.001" classname="com.example.AppTest"/>
  <testcase name="testPasswordHasAtLeastTwoSpecialCharacters" time="0.001" classname="com.example.AppTest"/>
  <testcase name="testPasswordHasAtLeastTwoSpecialCharacters" time="0.000" classname="com.example.AppTest"/>
  <testcase name="testPasswordHasAtLeastOneLetter" time="0.000" classname="com.example.AppTest"/>
  <testcase name="testPasswordHasAtLeastTwoSpecialCharacters" time="0.000" classname="com.example.AppTest"/>
  <testcase name="testPasswordLengthIsTen" time="0.000" classname="com.example.AppTest"/>
  <testcase name="testPasswordLengthIsTen" time="0.000" classname="com.example.AppTest"/>
  <testcase name="testPasswordHasAtLeastTwoSpecialCharacters" time="0.000" classname="com.example.AppTest"/>
  <testcase name="testPasswordHasAtLeastOneLetter" time="0.003" classname="com.example.AppTest"/>
  <testcase name="testPasswordHasAtLeastOneLetter" time="0.000" classname="com.example.AppTest"/>
  <testcase name="testPasswordLengthIsTen" time="0.000" classname="com.example.AppTest"/>
  <testcase name="testPasswordHasAtLeastTwoSpecialCharacters" time="0.001" classname="com.example.AppTest"/>
  <testcase name="testPasswordLengthIsTen" time="0.000" classname="com.example.AppTest"/>
  <testcase name="testPasswordHasAtLeastTwoSpecialCharacters" time="0.000" classname="com.example.AppTest"/>
  <testcase name="testPasswordHasAtLeastOneLetter" time="0.000" classname="com.example.AppTest"/>
  <testcase name="testPasswordHasAtLeastTwoSpecialCharacters" time="0.000" classname="com.example.AppTest"/>
  <testcase name="testPasswordHasAtLeastOneLetter" time="0.001" classname="com.example.AppTest"/>
  <testcase name="testPasswordLengthIsTen" time="0.000" classname="com.example.AppTest"/>
  <testcase name="testPasswordHasAtLeastOneLetter" time="0.000" classname="com.example.AppTest"/>
  <testcase name="testPasswordHasAtLeastOneLetter" time="0.000" classname="com.example.AppTest"/>
  <testcase name="testPasswordLengthIsTen" time="0.000" classname="com.example.AppTest"/>
  <testcase name="testPasswordHasAtLeastTwoSpecialCharacters" time="0.000" classname="com.example.AppTest"/>
  <testcase name="testPasswordHasAtLeastOneLetter" time="0.000" classname="com.example.AppTest"/>
  <testcase name="testPasswordLengthIsTen" time="0.000" classname="com.example.AppTest"/>
  <testcase name="testPasswordHasAtLeastOneLetter" time="0.000" classname="com.example.AppTest"/>
  <testcase name="testPasswordHasAtLeastTwoSpecialCharacters" time="0.000" classname="com.example.AppTest"/>
  <testcase name="testPasswordHasAtLeastTwoSpecialCharacters" time="0.000" classname="com.example.AppTest"/>
  <testcase name="testPasswordHasAtLeastTwoSpecialCharacters" time="0.000" classname="com.example.AppTest"/>
  <testcase name="testPasswordHasAtLeastOneLetter" time="0.000" classname="com.example.AppTest"/>
  <testcase name="testPasswordLengthIsTen" time="0.000" classname="com.example.AppTest"/>
  <testcase name="testPasswordLengthIsTen" time="0.000" classname="com.example.AppTest"/>
  <testcase name="testPasswordLengthIsTen" time="0.001" classname="com.example.AppTest"/>
  <testcase name="testPasswordHasAtLeastOneLetter" time="0.000" classname="com.example.AppTest"/>
  <testcase name="testPasswordHasAtLeastTwoSpecialCharacters" time="0.001" classname="com.example.AppTest"/>
  <testcase name="testPasswordHasAtLeastOneLetter" time="0.001" classname="com.example.AppTest"/>
  <testcase name="testPasswordHasAtLeastTwoSpecialCharacters" time="0.000" classname="com.example.AppTest"/>
  <testcase name="testPasswordHasAtLeastOneLetter" time="0.000" classname="com.example.AppTest"/>
  <testcase name="testPasswordLengthIsTen" time="0.001" classname="com.example.AppTest"/>
  <testcase name="testPasswordLengthIsTen" time="0.000" classname="com.example.AppTest"/>
  <testcase name="testPasswordHasAtLeastOneLetter" time="0.001" classname="com.example.AppTest"/>
  <testcase name="testPasswordHasAtLeastOneLetter" time="0.001" classname="com.example.AppTest"/>
  <testcase name="testPasswordLengthIsTen" time="0.001" classname="com.example.AppTest"/>
  <testcase name="testPasswordLengthIsTen" time="0.000" classname="com.example.AppTest"/>
  <testcase name="testPasswordHasAtLeastTwoSpecialCharacters" time="0.000" classname="com.example.AppTest"/>
  <testcase name="testPasswordLengthIsTen" time="0.000" classname="com.example.AppTest"/>
  <testcase name="testPasswordHasAtLeastOneLetter" time="0.000" classname="com.example.AppTest"/>
  <testcase name="testPasswordHasAtLeastOneLetter" time="0.000" classname="com.example.AppTest"/>
  <testcase name="testPasswordLengthIsTen" time="0.000" classname="com.example.AppTest"/>
  <testcase name="testPasswordHasAtLeastOneLetter" time="0.001" classname="com.example.AppTest"/>
  <testcase name="testPasswordHasAtLeastTwoSpecialCharacters" time="0.001" classname="com.example.AppTest"/>
  <testcase name="testPasswordLengthIsTen" time="0.000" classname="com.example.AppTest"/>
  <testcase name="testPasswordLengthIsTen" time="0.001" classname="com.example.AppTest"/>
  <testcase name="testPasswordLengthIsTen" time="0.000" classname="com.example.AppTest"/>
  <testcase name="testPasswordHasAtLeastTwoSpecialCharacters" time="0.002" classname="com.example.AppTest"/>
  <testcase name="testPasswordLengthIsTen" time="0.000" classname="com.example.AppTest"/>
  <testcase name="testPasswordHasAtLeastTwoSpecialCharacters" time="0.000" classname="com.example.AppTest"/>
  <testcase name="testPasswordHasAtLeastOneLetter" time="0.001" classname="com.example.AppTest"/>
  <testcase name="testPasswordHasAtLeastTwoSpecialCharacters" time="0.000" classname="com.example.AppTest"/>
  <testcase name="testPasswordHasAtLeastOneLetter" time="0.001" classname="com.example.AppTest"/>
  <testcase name="testPasswordLengthIsTen" time="0.000" classname="com.example.AppTest"/>
</testsuite> <!-- com.example.AppTest -->
